<?xml version="1.0" encoding="UTF-8"?>
<testsuite name="Logout saucelabs app" tests="1" skipped="0" failures="0" errors="0" timestamp="2023-04-05T06:58:12" hostname="DESKTOP-CTLAMR7" time="71.927">
  <properties/>
  <testcase name="Logout from the app" classname="Logout saucelabs app" time="71.927"/>
  <system-out><![CDATA[]]></system-out>
  <system-err><![CDATA[[Test worker] INFO io.cucumber.core.plugin.SerenityReporter - Running feature from file:///C:/Users/usuario/Desktop/Appium%20Ios/AppiumScreenplayBrowserStackiOS/src/test/resources/features/logout.feature
[Test worker] INFO  - 
  _____   ___   ___   _____     ___   _____     _     ___   _____   ___   ___  
 |_   _| | __| / __| |_   _|   / __| |_   _|   /_\   | _ \ |_   _| | __| |   \ 
   | |   | _|  \__ \   | |     \__ \   | |    / _ \  |   /   | |   | _|  | |) |
   |_|   |___| |___/   |_|     |___/   |_|   /_/ \_\ |_|_\   |_|   |___| |___/ 

Logout from the app(logout-saucelabs-app;logout-from-the-app)
--------------------------------------------------------------------------------
[Test worker] INFO net.thucydides.core.model.TestOutcome - SetUserStory Logout saucelabs app
[Test worker] INFO net.thucydides.core.model.TestOutcome - SetUserStory Logout saucelabs app
abr 05, 2023 1:58:13 AM android.demoapk.stepdefinitions.LogoutStepDefinition user_finished_their_purchases
INFORMACIÓN: Incia Step: user finished their purchases
abr 05, 2023 1:58:36 AM io.appium.java_client.remote.AppiumCommandExecutor$1 lambda$0
INFORMACIÓN: Detected dialect: OSS
abr 05, 2023 1:58:48 AM android.demoapk.stepdefinitions.LogoutStepDefinition user_finished_their_purchases
INFORMACIÓN: Finaliza satisfactoriamente el Step: user finished their purchases
abr 05, 2023 1:58:48 AM android.demoapk.stepdefinitions.LogoutStepDefinition userUseTheCredentialsBobExampleCom
INFORMACIÓN: Incia Step: user use the credentials
abr 05, 2023 1:59:09 AM android.demoapk.stepdefinitions.LogoutStepDefinition userUseTheCredentialsBobExampleCom
INFORMACIÓN: Finaliza satisfactoriamente el Step: user use the credentials
abr 05, 2023 1:59:09 AM android.demoapk.stepdefinitions.LogoutStepDefinition user_logs_out_from_the_app
INFORMACIÓN: Incia Step: user logs out from the app
abr 05, 2023 1:59:20 AM android.demoapk.stepdefinitions.LogoutStepDefinition user_logs_out_from_the_app
INFORMACIÓN: Finaliza satisfactoriamente el Step: user logs out from the app
abr 05, 2023 1:59:20 AM android.demoapk.stepdefinitions.LogoutStepDefinition user_should_see_the_logout_message
INFORMACIÓN: Incia Step: user should see the logout message
abr 05, 2023 1:59:20 AM android.demoapk.stepdefinitions.LogoutStepDefinition user_should_see_the_logout_message
INFORMACIÓN: Finaliza satisfactoriamente el Step: user should see the logout message
[Test worker] INFO  - 
  _____   ___   ___   _____     ___     _     ___   ___   ___   ___  
 |_   _| | __| / __| |_   _|   | _ \   /_\   / __| / __| | __| |   \ 
   | |   | _|  \__ \   | |     |  _/  / _ \  \__ \ \__ \ | _|  | |) |
   |_|   |___| |___/   |_|     |_|   /_/ \_\ |___/ |___/ |___| |___/ 

Logout from the app
----------------------------------------------------------------------
]]></system-err>
</testsuite>
