<?xml version="1.0" encoding="UTF-8"?>
<testsuite name="android.demoapk.runner.CompraRunner" tests="0" skipped="0" failures="0" errors="0" timestamp="1970-01-01T00:00:00" hostname="LAPTOP-87LGHN0U" time="0.0">
  <properties/>
  <system-out><![CDATA[
?[33mUndefined scenarios:?[0m
file:///C:/Users/ivan0/Downloads/AutomatizacionIOS/AppiumScreenplayBrowserStackiOS/src/test/resources/features/compra.feature:6 # Buying products

1 Scenarios (?[33m1 undefined?[0m)
5 Steps (?[36m2 skipped?[0m, ?[33m1 undefined?[0m, ?[32m2 passed?[0m)
1m10,294s


You can implement missing steps with the snippets below:

@When("user selects the product")
public void userSelectsTheProduct() {
    // Write code here that turns the phrase above into concrete actions
    throw new io.cucumber.java.PendingException();
}

@When("finishes the buying process")
public void finishesTheBuyingProcess() {
    // Write code here that turns the phrase above into concrete actions
    throw new io.cucumber.java.PendingException();
}

@Then("f")
public void f() {
    // Write code here that turns the phrase above into concrete actions
    throw new io.cucumber.java.PendingException();
}


]]></system-out>
  <system-err><![CDATA[[Test worker] INFO io.cucumber.core.plugin.SerenityReporter - Running feature from file:///C:/Users/ivan0/Downloads/AutomatizacionIOS/AppiumScreenplayBrowserStackiOS/src/test/resources/features/compra.feature
[Test worker] INFO  - 

-------------------------------------------------------------------------------------
     _______. _______ .______       _______ .__   __.  __  .___________.____    ____ 
    /       ||   ____||   _  \     |   ____||  \ |  | |  | |           |\   \  /   / 
   |   (----`|  |__   |  |_)  |    |  |__   |   \|  | |  | `---|  |----` \   \/   /  
    \   \    |   __|  |      /     |   __|  |  . `  | |  |     |  |       \_    _/   
.----)   |   |  |____ |  |\  \----.|  |____ |  |\   | |  |     |  |         |  |     
|_______/    |_______|| _| `._____||_______||__| \__| |__|     |__|         |__|    
                                                                                     
 News and tutorials at http://www.serenity-bdd.info                                  
 Documentation at https://wakaleo.gitbooks.io/the-serenity-book/content/             
 Join the Serenity Community on Gitter: https://gitter.im/serenity-bdd/serenity-core 
 Serenity BDD Support and Training at http://serenity-bdd.info/#/trainingandsupport  
-------------------------------------------------------------------------------------

[Test worker] INFO  - Test Suite Started: compra de productos
[pool-1-thread-1] INFO net.thucydides.core.reports.ReportService - net.thucydides.core.reports.json.JSONTestOutcomeReporter@1edd4e4: Generating report for test outcome: compra de productos:Buying products
[pool-2-thread-1] INFO net.thucydides.core.reports.ReportService - net.thucydides.core.reports.html.HtmlAcceptanceTestReporter@ae402b: Generating report for test outcome: compra de productos:Buying products
[Test worker] INFO io.cucumber.core.plugin.SerenityReporter - Cleanup test resources for URI file:///C:/Users/ivan0/Downloads/AutomatizacionIOS/AppiumScreenplayBrowserStackiOS/src/test/resources/features/compra.feature
]]></system-err>
</testsuite>
