<?xml version="1.0" encoding="UTF-8"?>
<testsuite name="Compra" tests="1" skipped="0" failures="0" errors="0" timestamp="2023-04-04T20:19:45" hostname="JOSENUÑEZ" time="140.1">
  <properties/>
  <testcase name="Realizar una compra" classname="Compra" time="140.1"/>
  <system-out><![CDATA[]]></system-out>
  <system-err><![CDATA[[Test worker] INFO io.cucumber.core.plugin.SerenityReporter - Running feature from file:///C:/Users/nunez/Escritorio/Automatizacion%20cloud/Automatizacion%20Demo%20APP%20IOS/AppiumScreenplayBrowserStackiOS/src/test/resources/features/compra.feature
[Test worker] INFO  - 
  _____   ___   ___   _____     ___   _____     _     ___   _____   ___   ___  
 |_   _| | __| / __| |_   _|   / __| |_   _|   /_\   | _ \ |_   _| | __| |   \ 
   | |   | _|  \__ \   | |     \__ \   | |    / _ \  |   /   | |   | _|  | |) |
   |_|   |___| |___/   |_|     |___/   |_|   /_/ \_\ |_|_\   |_|   |___| |___/ 

Realizar una compra(compra;realizar-una-compra)
--------------------------------------------------------------------------------
[Test worker] INFO net.thucydides.core.model.TestOutcome - SetUserStory Compra
[Test worker] INFO net.thucydides.core.model.TestOutcome - SetUserStory Compra
abr 04, 2023 3:20:09 PM io.appium.java_client.remote.AppiumCommandExecutor$1 lambda$0
INFORMACIÓN: Detected dialect: OSS
[Test worker] INFO  - 
  _____   ___   ___   _____     ___     _     ___   ___   ___   ___  
 |_   _| | __| / __| |_   _|   | _ \   /_\   / __| / __| | __| |   \ 
   | |   | _|  \__ \   | |     |  _/  / _ \  \__ \ \__ \ | _|  | |) |
   |_|   |___| |___/   |_|     |_|   /_/ \_\ |___/ |___/ |___| |___/ 

Realizar una compra
----------------------------------------------------------------------
]]></system-err>
</testsuite>
