<?xml version="1.0" encoding="UTF-8"?>
<testsuite name="Logout in APP Swaglabs" tests="1" skipped="0" failures="0" errors="0" timestamp="2023-04-05T15:46:56" hostname="MELISSA-PC" time="97.516">
  <properties/>
  <testcase name="Logout Successful in the App" classname="Logout in APP Swaglabs" time="97.516"/>
  <system-out><![CDATA[Ha iniciado la automatizacion
El usuario se ha logueado exitosamente
El usuario hizo el flujo de compra y salio de su sesion exitosamnete
Validacion acertada , se ha cerrado la sesion del usuario correctamente , SI CUMPLE
]]></system-out>
  <system-err><![CDATA[[Test worker] INFO io.cucumber.core.plugin.SerenityReporter - Running feature from file:///C:/Users/melim/Videos/AppiumScreenplayBrowserStackiOS/src/test/resources/features/logout.feature
[Test worker] INFO  - 
  _____   ___   ___   _____     ___   _____     _     ___   _____   ___   ___  
 |_   _| | __| / __| |_   _|   / __| |_   _|   /_\   | _ \ |_   _| | __| |   \ 
   | |   | _|  \__ \   | |     \__ \   | |    / _ \  |   /   | |   | _|  | |) |
   |_|   |___| |___/   |_|     |___/   |_|   /_/ \_\ |_|_\   |_|   |___| |___/ 

Logout Successful in the App(logout-in-app-swaglabs;logout-successful-in-the-app)
--------------------------------------------------------------------------------
[Test worker] INFO net.thucydides.core.model.TestOutcome - SetUserStory Logout in APP Swaglabs
[Test worker] INFO net.thucydides.core.model.TestOutcome - SetUserStory Logout in APP Swaglabs
log4j:WARN No such property [co] in org.apache.log4j.PatternLayout.
Apr 05, 2023 10:47:13 AM io.appium.java_client.remote.AppiumCommandExecutor$1 lambda$0
INFO: Detected dialect: OSS
[Test worker] INFO  - 
  _____   ___   ___   _____     ___     _     ___   ___   ___   ___  
 |_   _| | __| / __| |_   _|   | _ \   /_\   / __| / __| | __| |   \ 
   | |   | _|  \__ \   | |     |  _/  / _ \  \__ \ \__ \ | _|  | |) |
   |_|   |___| |___/   |_|     |_|   /_/ \_\ |___/ |___/ |___| |___/ 

Logout Successful in the App
----------------------------------------------------------------------
]]></system-err>
</testsuite>
