<?xml version="1.0" encoding="UTF-8"?>
<testsuite name="buys" tests="1" skipped="0" failures="0" errors="0" timestamp="2023-04-04T21:40:05" hostname="LAPTOP-LC3UNGF6" time="80.386">
  <properties/>
  <testcase name="successful purchase" classname="buys" time="80.386"/>
  <system-out><![CDATA[2023-04-04 16:40:07 INFO  BuysStepsDefinitions:28 INICIA LA AUTOMATIZACION
2023-04-04 16:41:24 INFO  BuysStepsDefinitions:79 CUMPLE
]]></system-out>
  <system-err><![CDATA[[Test worker] INFO io.cucumber.core.plugin.SerenityReporter - Running feature from file:///C:/Users/Miguel-PC/Desktop/SofkaTraining/Automatización/12.%20Taller%20IOS/src/test/resources/features/buys.feature
[Test worker] INFO  - 
  _____   ___   ___   _____     ___   _____     _     ___   _____   ___   ___  
 |_   _| | __| / __| |_   _|   / __| |_   _|   /_\   | _ \ |_   _| | __| |   \ 
   | |   | _|  \__ \   | |     \__ \   | |    / _ \  |   /   | |   | _|  | |) |
   |_|   |___| |___/   |_|     |___/   |_|   /_/ \_\ |_|_\   |_|   |___| |___/ 

successful purchase(buys;successful-purchase)
--------------------------------------------------------------------------------
[Test worker] INFO net.thucydides.core.model.TestOutcome - SetUserStory buys
[Test worker] INFO net.thucydides.core.model.TestOutcome - SetUserStory buys
abr 04, 2023 4:40:24 PM io.appium.java_client.remote.AppiumCommandExecutor$1 lambda$0
INFORMACIÓN: Detected dialect: OSS
[Test worker] INFO  - 
  _____   ___   ___   _____     ___     _     ___   ___   ___   ___  
 |_   _| | __| / __| |_   _|   | _ \   /_\   / __| / __| | __| |   \ 
   | |   | _|  \__ \   | |     |  _/  / _ \  \__ \ \__ \ | _|  | |) |
   |_|   |___| |___/   |_|     |_|   /_/ \_\ |___/ |___/ |___| |___/ 

successful purchase
----------------------------------------------------------------------
]]></system-err>
</testsuite>
